[    0.000000] Initializing cgroup subsys cpuset
[    0.000000] Initializing cgroup subsys cpu
[    0.000000] Initializing cgroup subsys cpuacct
[    0.000000] Linux version 4.4.0-96-generic (buildd@lgw01-10) (gcc version 5.4.0 20160609 (Ubuntu 5.4.0-6ubuntu1~16.04.4) ) #119-Ubuntu SMP Tue Sep 12 14:59:54 UTC 2017 (Ubuntu 4.4.0-96.119-generic 4.4.83)
[    0.000000] Command line: BOOT_IMAGE=/boot/vmlinuz-4.4.0-96-generic root=LABEL=cloudimg-rootfs ro console=tty1 console=ttyS0
[    0.000000] KERNEL supported cpus:
[    0.000000]   Intel GenuineIntel
[    0.000000]   AMD AuthenticAMD
[    0.000000]   Centaur CentaurHauls
[    0.000000] x86/fpu: Legacy x87 FPU detected.
[    0.000000] x86/fpu: Using 'lazy' FPU context switches.
[    0.000000] e820: BIOS-provided physical RAM map:
[    0.000000] BIOS-e820: [mem 0x0000000000000000-0x000000000009fbff] usable
[    0.000000] BIOS-e820: [mem 0x000000000009fc00-0x000000000009ffff] reserved
[    0.000000] BIOS-e820: [mem 0x00000000000f0000-0x00000000000fffff] reserved
[    0.000000] BIOS-e820: [mem 0x0000000000100000-0x000000001ffeffff] usable
[    0.000000] BIOS-e820: [mem 0x000000001fff0000-0x000000001fffffff] ACPI data
[    0.000000] BIOS-e820: [mem 0x00000000fec00000-0x00000000fec00fff] reserved
[    0.000000] BIOS-e820: [mem 0x00000000fee00000-0x00000000fee00fff] reserved
[    0.000000] BIOS-e820: [mem 0x00000000fffc0000-0x00000000ffffffff] reserved
[    0.000000] NX (Execute Disable) protection: active
[    0.000000] SMBIOS 2.5 present.
[    0.000000] Hypervisor detected: KVM
[    0.000000] e820: last_pfn = 0x1fff0 max_arch_pfn = 0x400000000
[    0.000000] MTRR: Disabled
[    0.000000] x86/PAT: MTRRs disabled, skipping PAT initialization too.
[    0.000000] CPU MTRRs all blank - virtualized system.
[    0.000000] x86/PAT: Configuration [0-7]: WB  WT  UC- UC  WB  WT  UC- UC  
[    0.000000] found SMP MP-table at [mem 0x0009fff0-0x0009ffff] mapped at [ffff88000009fff0]
[    0.000000] Scanning 1 areas for low memory corruption
[    0.000000] RAMDISK: [mem 0x1eced000-0x1f785fff]
[    0.000000] ACPI: Early table checksum verification disabled
[    0.000000] ACPI: RSDP 0x00000000000E0000 000024 (v02 VBOX  )
[    0.000000] ACPI: XSDT 0x000000001FFF0030 00003C (v01 VBOX   VBOXXSDT 00000001 ASL  00000061)
[    0.000000] ACPI: FACP 0x000000001FFF00F0 0000F4 (v04 VBOX   VBOXFACP 00000001 ASL  00000061)
[    0.000000] ACPI: DSDT 0x000000001FFF0470 0021C8 (v02 VBOX   VBOXBIOS 00000002 INTL 20100528)
[    0.000000] ACPI: FACS 0x000000001FFF0200 000040
[    0.000000] ACPI: FACS 0x000000001FFF0200 000040
[    0.000000] ACPI: APIC 0x000000001FFF0240 00005C (v02 VBOX   VBOXAPIC 00000001 ASL  00000061)
[    0.000000] ACPI: SSDT 0x000000001FFF02A0 0001CC (v01 VBOX   VBOXCPUT 00000002 INTL 20100528)
[    0.000000] No NUMA configuration found
[    0.000000] Faking a node at [mem 0x0000000000000000-0x000000001ffeffff]
[    0.000000] NODE_DATA(0) allocated [mem 0x1ffeb000-0x1ffeffff]
[    0.000000] kvm-clock: Using msrs 4b564d01 and 4b564d00
[    0.000000] kvm-clock: cpu 0, msr 0:1ffe3001, primary cpu clock
[    0.000000] kvm-clock: using sched offset of 3363459967 cycles
[    0.000000] clocksource: kvm-clock: mask: 0xffffffffffffffff max_cycles: 0x1cd42e4dffb, max_idle_ns: 881590591483 ns
[    0.000000] Zone ranges:
[    0.000000]   DMA      [mem 0x0000000000001000-0x0000000000ffffff]
[    0.000000]   DMA32    [mem 0x0000000001000000-0x000000001ffeffff]
[    0.000000]   Normal   empty
[    0.000000]   Device   empty
[    0.000000] Movable zone start for each node
[    0.000000] Early memory node ranges
[    0.000000]   node   0: [mem 0x0000000000001000-0x000000000009efff]
[    0.000000]   node   0: [mem 0x0000000000100000-0x000000001ffeffff]
[    0.000000] Initmem setup node 0 [mem 0x0000000000001000-0x000000001ffeffff]
[    0.000000] ACPI: PM-Timer IO Port: 0x4008
[    0.000000] IOAPIC[0]: apic_id 2, version 32, address 0xfec00000, GSI 0-23
[    0.000000] ACPI: INT_SRC_OVR (bus 0 bus_irq 0 global_irq 2 dfl dfl)
[    0.000000] ACPI: INT_SRC_OVR (bus 0 bus_irq 9 global_irq 9 high level)
[    0.000000] Using ACPI (MADT) for SMP configuration information
[    0.000000] smpboot: Allowing 2 CPUs, 0 hotplug CPUs
[    0.000000] PM: Registered nosave memory: [mem 0x00000000-0x00000fff]
[    0.000000] PM: Registered nosave memory: [mem 0x0009f000-0x0009ffff]
[    0.000000] PM: Registered nosave memory: [mem 0x000a0000-0x000effff]
[    0.000000] PM: Registered nosave memory: [mem 0x000f0000-0x000fffff]
[    0.000000] e820: [mem 0x20000000-0xfebfffff] available for PCI devices
[    0.000000] Booting paravirtualized kernel on KVM
[    0.000000] clocksource: refined-jiffies: mask: 0xffffffff max_cycles: 0xffffffff, max_idle_ns: 7645519600211568 ns
[    0.000000] setup_percpu: NR_CPUS:512 nr_cpumask_bits:512 nr_cpu_ids:2 nr_node_ids:1
[    0.000000] PERCPU: Embedded 34 pages/cpu @ffff88001fc00000 s98328 r8192 d32744 u1048576
[    0.000000] PV qspinlock hash table entries: 256 (order: 0, 4096 bytes)
[    0.000000] Built 1 zonelists in Node order, mobility grouping on.  Total pages: 128889
[    0.000000] Policy zone: DMA32
[    0.000000] Kernel command line: BOOT_IMAGE=/boot/vmlinuz-4.4.0-96-generic root=LABEL=cloudimg-rootfs ro console=tty1 console=ttyS0
[    0.000000] PID hash table entries: 2048 (order: 2, 16384 bytes)
[    0.000000] Memory: 485632K/523832K available (8479K kernel code, 1294K rwdata, 3984K rodata, 1492K init, 1316K bss, 38200K reserved, 0K cma-reserved)
[    0.000000] SLUB: HWalign=64, Order=0-3, MinObjects=0, CPUs=2, Nodes=1
[    0.000000] Hierarchical RCU implementation.
[    0.000000] 	Build-time adjustment of leaf fanout to 64.
[    0.000000] 	RCU restricting CPUs from NR_CPUS=512 to nr_cpu_ids=2.
[    0.000000] RCU: Adjusting geometry for rcu_fanout_leaf=64, nr_cpu_ids=2
[    0.000000] NR_IRQS:33024 nr_irqs:440 16
[    0.000000] Console: colour VGA+ 80x25
[    0.000000] console [tty1] enabled
[    0.000000] console [ttyS0] enabled
[    0.000000] tsc: Detected 3192.000 MHz processor
[    2.451549] Calibrating delay loop (skipped) preset value.. 6384.00 BogoMIPS (lpj=12768000)
[    2.496170] pid_max: default: 32768 minimum: 301
[    2.518384] ACPI: Core revision 20150930
[    2.530492] ACPI: 2 ACPI AML tables successfully acquired and loaded
[    2.533328] Security Framework initialized
[    2.549684] Yama: becoming mindful.
[    2.555369] AppArmor: AppArmor initialized
[    2.568329] Dentry cache hash table entries: 65536 (order: 7, 524288 bytes)
[    2.576896] Inode-cache hash table entries: 32768 (order: 6, 262144 bytes)
[    2.592538] Mount-cache hash table entries: 1024 (order: 1, 8192 bytes)
[    2.607216] Mountpoint-cache hash table entries: 1024 (order: 1, 8192 bytes)
[    2.619905] Initializing cgroup subsys io
[    2.626579] Initializing cgroup subsys memory
[    2.632887] Initializing cgroup subsys devices
[    2.639635] Initializing cgroup subsys freezer
[    2.645367] Initializing cgroup subsys net_cls
[    2.652503] Initializing cgroup subsys perf_event
[    2.659856] Initializing cgroup subsys net_prio
[    2.663004] Initializing cgroup subsys hugetlb
[    2.683748] Initializing cgroup subsys pids
[    2.711653] CPU: Physical Processor ID: 0
[    2.720086] CPU: Processor Core ID: 0
[    2.727666] mce: CPU supports 0 MCE banks
[    2.750617] Last level iTLB entries: 4KB 512, 2MB 7, 4MB 7
[    2.758473] Last level dTLB entries: 4KB 512, 2MB 32, 4MB 32, 1GB 0
[    2.770636] Freeing SMP alternatives memory: 32K
[    2.804962] ftrace: allocating 32146 entries in 126 pages
[    2.882995] smpboot: APIC(0) Converting physical 0 to logical package 0
[    2.903827] smpboot: Max logical packages: 1
[    2.910975] x2apic enabled
[    2.917752] Switched APIC routing to physical x2apic.
[    2.928930] ..TIMER: vector=0x30 apic1=0 pin1=2 apic2=-1 pin2=-1
[    3.079833] smpboot: CPU0: Intel(R) Core(TM) i3 CPU         550  @ 3.20GHz (family: 0x6, model: 0x25, stepping: 0x5)
[    3.113531] Performance Events: unsupported p6 CPU model 37 no PMU driver, software events only.
[    3.145569] KVM setup paravirtual spinlock
[    3.163918] x86: Booting SMP configuration:
[    3.175668] .... node  #0, CPUs:      #1
[    3.189665] kvm-clock: cpu 1, msr 0:1ffe3041, secondary cpu clock
[    3.226872] mce: CPU supports 0 MCE banks
[    3.229879] x86: Booted up 1 node, 2 CPUs
[    3.232799] smpboot: Total of 2 processors activated (12768.00 BogoMIPS)
[    3.241425] devtmpfs: initialized
[    3.251847] evm: security.selinux
[    3.258532] evm: security.SMACK64
[    3.274738] evm: security.SMACK64EXEC
[    3.291667] evm: security.SMACK64TRANSMUTE
[    3.311391] evm: security.SMACK64MMAP
[    3.330969] evm: security.ima
[    3.360174] evm: security.capability
[    3.369441] clocksource: jiffies: mask: 0xffffffff max_cycles: 0xffffffff, max_idle_ns: 7645041785100000 ns
[    3.377400] futex hash table entries: 512 (order: 3, 32768 bytes)
[    3.384682] pinctrl core: initialized pinctrl subsystem
[    3.395679] RTC time: 18:25:09, date: 10/05/17
[    3.406112] NET: Registered protocol family 16
[    3.443425] cpuidle: using governor ladder
[    3.483607] cpuidle: using governor menu
[    3.503115] PCCT header not found.
[    3.525512] ACPI: bus type PCI registered
[    3.541423] acpiphp: ACPI Hot Plug PCI Controller Driver version: 0.5
[    3.554654] PCI: Using configuration type 1 for base access
[    3.585189] ACPI: Added _OSI(Module Device)
[    3.599833] ACPI: Added _OSI(Processor Device)
[    3.617394] ACPI: Added _OSI(3.0 _SCP Extensions)
[    3.632155] ACPI: Added _OSI(Processor Aggregator Device)
[    3.634915] ACPI: Executed 1 blocks of module-level executable AML code
[    3.683538] ACPI: Interpreter enabled
[    3.691354] ACPI: (supports S0 S5)
[    3.694526] ACPI: Using IOAPIC for interrupt routing
[    3.719564] PCI: Using host bridge windows from ACPI; if necessary, use "pci=nocrs" and report a bug
[    3.734620] ACPI: PCI Root Bridge [PCI0] (domain 0000 [bus 00-ff])
[    3.762779] acpi PNP0A03:00: _OSC: OS supports [ASPM ClockPM Segments MSI]
[    3.788328] acpi PNP0A03:00: _OSC failed (AE_NOT_FOUND); disabling ASPM
[    3.830896] acpi PNP0A03:00: fail to add MMCONFIG information, can't access extended PCI configuration space under this bridge.
[    3.834973] PCI host bridge to bus 0000:00
[    3.848109] pci_bus 0000:00: root bus resource [io  0x0000-0x0cf7 window]
[    3.865381] pci_bus 0000:00: root bus resource [io  0x0d00-0xffff window]
[    3.901849] pci_bus 0000:00: root bus resource [mem 0x000a0000-0x000bffff window]
[    3.904775] pci_bus 0000:00: root bus resource [mem 0x20000000-0xffdfffff window]
[    3.979437] pci_bus 0000:00: root bus resource [bus 00-ff]
[    3.995327] pci 0000:00:01.1: legacy IDE quirk: reg 0x10: [io  0x01f0-0x01f7]
[    4.028579] pci 0000:00:01.1: legacy IDE quirk: reg 0x14: [io  0x03f6]
[    4.038390] pci 0000:00:01.1: legacy IDE quirk: reg 0x18: [io  0x0170-0x0177]
[    4.077030] pci 0000:00:01.1: legacy IDE quirk: reg 0x1c: [io  0x0376]
[    4.098610] pci 0000:00:07.0: quirk: [io  0x4000-0x403f] claimed by PIIX4 ACPI
[    4.108136] pci 0000:00:07.0: quirk: [io  0x4100-0x410f] claimed by PIIX4 SMB
[    4.136044] ACPI: PCI Interrupt Link [LNKA] (IRQs 5 9 10 *11)
[    4.178970] ACPI: PCI Interrupt Link [LNKB] (IRQs 5 9 10 *11)
[    4.213066] ACPI: PCI Interrupt Link [LNKC] (IRQs 5 9 *10 11)
[    4.224076] ACPI: PCI Interrupt Link [LNKD] (IRQs 5 *9 10 11)
[    4.251316] ACPI: Enabled 2 GPEs in block 00 to 07
[    4.259797] vgaarb: setting as boot device: PCI:0000:00:02.0
[    4.273933] vgaarb: device added: PCI:0000:00:02.0,decodes=io+mem,owns=io+mem,locks=none
[    4.287695] vgaarb: loaded
[    4.302977] vgaarb: bridge control possible 0000:00:02.0
[    4.320917] SCSI subsystem initialized
[    4.327653] ACPI: bus type USB registered
[    4.330047] usbcore: registered new interface driver usbfs
[    4.356234] usbcore: registered new interface driver hub
[    4.369027] usbcore: registered new device driver usb
[    4.379103] PCI: Using ACPI for IRQ routing
[    4.385876] NetLabel: Initializing
[    4.395698] NetLabel:  domain hash size = 128
[    4.408984] NetLabel:  protocols = UNLABELED CIPSOv4
[    4.413495] NetLabel:  unlabeled traffic allowed by default
[    4.459139] amd_nb: Cannot enumerate AMD northbridges
[    4.473462] clocksource: Switched to clocksource kvm-clock
[    4.486590] AppArmor: AppArmor Filesystem Enabled
[    4.530693] pnp: PnP ACPI init
[    4.576357] pnp: PnP ACPI: found 3 devices
[    4.659391] clocksource: acpi_pm: mask: 0xffffff max_cycles: 0xffffff, max_idle_ns: 2085701024 ns
[    4.747092] NET: Registered protocol family 2
[    4.768663] TCP established hash table entries: 4096 (order: 3, 32768 bytes)
[    4.849718] TCP bind hash table entries: 4096 (order: 4, 65536 bytes)
[    4.873368] TCP: Hash tables configured (established 4096 bind 4096)
[    4.882872] UDP hash table entries: 256 (order: 1, 8192 bytes)
[    4.960552] UDP-Lite hash table entries: 256 (order: 1, 8192 bytes)
[    5.014189] NET: Registered protocol family 1
[    5.065641] pci 0000:00:00.0: Limiting direct PCI/PCI transfers
[    5.069883] pci 0000:00:01.0: Activating ISA DMA hang workarounds
[    5.076802] Unpacking initramfs...
[    7.168221] Freeing initrd memory: 10852K
[    7.188024] platform rtc_cmos: registered platform RTC device (no PNP device found)
[    7.235455] Scanning for low memory corruption every 60 seconds
[    7.246667] audit: initializing netlink subsys (disabled)
[    7.265774] audit: type=2000 audit(1507227914.528:1): initialized
[    7.277007] Initialise system trusted keyring
[    7.287611] HugeTLB registered 2 MB page size, pre-allocated 0 pages
[    7.338763] zbud: loaded
[    7.351281] VFS: Disk quotas dquot_6.6.0
[    7.388920] VFS: Dquot-cache hash table entries: 512 (order 0, 4096 bytes)
[    7.466148] squashfs: version 4.0 (2009/01/31) Phillip Lougher
[    7.543173] fuse init (API version 7.23)
[    7.593979] Key type big_key registered
[    7.664903] Allocating IMA MOK and blacklist keyrings.
[    7.817710] Key type asymmetric registered
[    7.894916] Asymmetric key parser 'x509' registered
[    7.928138] Block layer SCSI generic (bsg) driver version 0.4 loaded (major 249)
[    7.966672] io scheduler noop registered
[    7.967685] io scheduler deadline registered (default)
[    7.986624] io scheduler cfq registered
[    8.003933] pci_hotplug: PCI Hot Plug PCI Core version: 0.5
[    8.072135] pciehp: PCI Express Hot Plug Controller Driver version: 0.4
[    8.145842] ACPI: AC Adapter [AC] (on-line)
[    8.183096] input: Power Button as /devices/LNXSYSTM:00/LNXPWRBN:00/input/input0
[    8.265458] tsc: Refined TSC clocksource calibration: 3193.146 MHz
[    8.301138] clocksource: tsc: mask: 0xffffffffffffffff max_cycles: 0x2e06ff4a516, max_idle_ns: 440795327811 ns
[    8.301702] ACPI: Power Button [PWRF]
[    8.301828] input: Sleep Button as /devices/LNXSYSTM:00/LNXSLPBN:00/input/input1
[    8.301830] ACPI: Sleep Button [SLPF]
[    8.302051] GHES: HEST is not enabled!
[    8.340221] Serial: 8250/16550 driver, 32 ports, IRQ sharing enabled
[    8.369452] 00:02: ttyS0 at I/O 0x3f8 (irq = 4, base_baud = 115200) is a 16550A
[    8.383319] Linux agpgart interface v0.103
[    8.434600] loop: module loaded
[    8.435567] scsi host0: ata_piix
[    8.435672] scsi host1: ata_piix
[    8.435723] ata1: PATA max UDMA/33 cmd 0x1f0 ctl 0x3f6 bmdma 0xd000 irq 14
[    8.435724] ata2: PATA max UDMA/33 cmd 0x170 ctl 0x376 bmdma 0xd008 irq 15
[    8.435887] libphy: Fixed MDIO Bus: probed
[    8.435891] tun: Universal TUN/TAP device driver, 1.6
[    8.435892] tun: (C) 1999-2004 Max Krasnyansky <maxk@qualcomm.com>
[    8.436447] PPP generic driver version 2.4.2
[    8.436615] ehci_hcd: USB 2.0 'Enhanced' Host Controller (EHCI) Driver
[    8.436622] ehci-pci: EHCI PCI platform driver
[    8.436654] ehci-platform: EHCI generic platform driver
[    8.436668] ohci_hcd: USB 1.1 'Open' Host Controller (OHCI) Driver
[    8.436675] ohci-pci: OHCI PCI platform driver
[    8.436690] ohci-platform: OHCI generic platform driver
[    8.436703] uhci_hcd: USB Universal Host Controller Interface driver
[    8.436806] i8042: PNP: PS/2 Controller [PNP0303:PS2K,PNP0f03:PS2M] at 0x60,0x64 irq 1,12
[    8.437474] serio: i8042 KBD port at 0x60,0x64 irq 1
[    8.437480] serio: i8042 AUX port at 0x60,0x64 irq 12
[    8.437667] mousedev: PS/2 mouse device common for all mice
[    8.438135] input: AT Translated Set 2 keyboard as /devices/platform/i8042/serio0/input/input2
[    8.438702] rtc_cmos rtc_cmos: rtc core: registered rtc_cmos as rtc0
[    8.438800] rtc_cmos rtc_cmos: alarms up to one day, 114 bytes nvram
[    8.438809] i2c /dev entries driver
[    8.438936] device-mapper: uevent: version 1.0.3
[    8.439067] device-mapper: ioctl: 4.34.0-ioctl (2015-10-28) initialised: dm-devel@redhat.com
[    8.439088] ledtrig-cpu: registered to indicate activity on CPUs
[    8.439703] NET: Registered protocol family 10
[    8.440041] NET: Registered protocol family 17
[    8.440054] Key type dns_resolver registered
[    8.440367] microcode: CPU0 sig=0x20655, pf=0x4, revision=0x616
[    8.463068] microcode: CPU1 sig=0x20655, pf=0x4, revision=0x616
[    8.463139] microcode: Microcode Update Driver: v2.01 <tigran@aivazian.fsnet.co.uk>, Peter Oruba
[    8.463303] registered taskstats version 1
[    8.463318] Loading compiled-in X.509 certificates
[    8.464614] Loaded X.509 cert 'Build time autogenerated kernel key: b1a6ea8776bed2812c00d8a799f968274ef48628'
[    8.464667] zswap: loaded using pool lzo/zbud
[    8.466825] Key type trusted registered
[    8.470991] Key type encrypted registered
[    8.471002] AppArmor: AppArmor sha1 policy hashing enabled
[    8.471006] ima: No TPM chip found, activating TPM-bypass!
[    8.471032] evm: HMAC attrs: 0x1
[    8.471471]   Magic number: 5:683:442
[    8.476073] rtc_cmos rtc_cmos: setting system clock to 2017-10-05 18:25:14 UTC (1507227914)
[    8.476178] BIOS EDD facility v0.16 2004-Jun-25, 0 devices found
[    8.476179] EDD information not available.
[    9.763915] Freeing unused kernel memory: 1492K
[    9.770453] Write protecting the kernel read-only data: 14336k
[    9.787236] Freeing unused kernel memory: 1748K
[    9.803471] Freeing unused kernel memory: 112K
Loading, please wait...
starting version 229
[    9.837145] random: systemd-udevd: uninitialized urandom read (16 bytes read, 4 bits of entropy available)
[    9.837389] random: udevadm: uninitialized urandom read (16 bytes read, 4 bits of entropy available)
[    9.837477] random: udevadm: uninitialized urandom read (16 bytes read, 4 bits of entropy available)
[    9.837757] random: udevadm: uninitialized urandom read (16 bytes read, 4 bits of entropy available)
[    9.837866] random: udevadm: uninitialized urandom read (16 bytes read, 4 bits of entropy available)
[    9.837979] random: udevadm: uninitialized urandom read (16 bytes read, 4 bits of entropy available)
[    9.838094] random: udevadm: uninitialized urandom read (16 bytes read, 4 bits of entropy available)
[    9.838209] random: udevadm: uninitialized urandom read (16 bytes read, 4 bits of entropy available)
[    9.838319] random: udevadm: uninitialized urandom read (16 bytes read, 4 bits of entropy available)
[    9.838433] random: udevadm: uninitialized urandom read (16 bytes read, 4 bits of entropy available)
[   10.037248] e1000: Intel(R) PRO/1000 Network Driver - version 7.3.21-k8-NAPI
[   10.080696] e1000: Copyright (c) 1999-2006 Intel Corporation.
[   10.092099] Fusion MPT base driver 3.04.20
[   10.099578] Copyright (c) 1999-2008 LSI Corporation
[   10.115348] Fusion MPT SPI Host driver 3.04.20
[   10.351644] input: ImExPS/2 Generic Explorer Mouse as /devices/platform/i8042/serio1/input/input4
[   10.480570] e1000 0000:00:03.0 eth0: (PCI:33MHz:32-bit) 02:d1:58:fa:01:98
[   10.487570] e1000 0000:00:03.0 eth0: Intel(R) PRO/1000 Network Connection
[   10.496676] mptbase: ioc0: Initiating bringup
[   10.497024] e1000 0000:00:03.0 enp0s3: renamed from eth0
[   10.605977] ioc0: LSI53C1030 A0: Capabilities={Initiator}
[   10.799799] scsi host2: ioc0: LSI53C1030 A0, FwRev=00000000h, Ports=1, MaxQ=256, IRQ=20
[   10.922602] scsi 2:0:0:0: Direct-Access     VBOX     HARDDISK         1.0  PQ: 0 ANSI: 5
[   10.942137] scsi target2:0:0: Beginning Domain Validation
[   10.956981] scsi target2:0:0: Domain Validation skipping write tests
[   10.962945] scsi target2:0:0: Ending Domain Validation
[   10.972044] scsi target2:0:0: asynchronous
[   10.978866] scsi 2:0:1:0: Direct-Access     VBOX     HARDDISK         1.0  PQ: 0 ANSI: 5
[   11.017263] scsi target2:0:1: Beginning Domain Validation
[   11.025219] scsi target2:0:1: Domain Validation skipping write tests
[   11.027738] scsi target2:0:1: Ending Domain Validation
[   11.032814] scsi target2:0:1: asynchronous
[   11.054216] sd 2:0:0:0: Attached scsi generic sg0 type 0
[   11.054995] sd 2:0:0:0: [sda] 20971520 512-byte logical blocks: (10.7 GB/10.0 GiB)
[   11.068260] sd 2:0:1:0: [sdb] 20480 512-byte logical blocks: (10.5 MB/10.0 MiB)
[   11.068432] sd 2:0:0:0: [sda] Write Protect is off
[   11.078208] sd 2:0:1:0: Attached scsi generic sg1 type 0
[   11.135177] sd 2:0:0:0: [sda] Incomplete mode parameter data
[   11.135437] sd 2:0:1:0: [sdb] Write Protect is off
[   11.135589] sd 2:0:1:0: [sdb] Incomplete mode parameter data
[   11.135590] sd 2:0:1:0: [sdb] Assuming drive cache: write through
[   11.256696] sd 2:0:1:0: [sdb] Attached SCSI disk
[   11.554995] sd 2:0:0:0: [sda] Assuming drive cache: write through
[   11.664459]  sda: sda1
[   11.676507] sd 2:0:0:0: [sda] Attached SCSI disk
[   13.088880] floppy0: no floppy controllers found
Begin: Loading essential drivers[   14.571910] md: linear personality registered for level -1
 ... [   14.578299] md: multipath personality registered for level -4
[   14.591361] md: raid0 personality registered for level 0
[   14.611116] md: raid1 personality registered for level 1
[   14.689803] raid6: sse2x1   gen()  6653 MB/s
[   14.777720] raid6: sse2x1   xor()  5842 MB/s
[   14.869600] raid6: sse2x2   gen()  8896 MB/s
[   14.945791] raid6: sse2x2   xor()  6244 MB/s
[   15.013824] raid6: sse2x4   gen()  8763 MB/s
[   15.093784] raid6: sse2x4   xor()  5502 MB/s
[   15.114893] raid6: using algorithm sse2x2 gen() 8896 MB/s
[   15.134392] raid6: .... xor() 6244 MB/s, rmw enabled
[   15.156160] raid6: using ssse3x2 recovery algorithm
[   15.190437] xor: measuring software checksum speed
[   15.229988]    prefetch64-sse: 12598.000 MB/sec
[   15.281818]    generic_sse: 11780.000 MB/sec
[   15.314281] xor: using function: prefetch64-sse (12598.000 MB/sec)
[   15.366930] async_tx: api initialized (async)
[   15.387751] md: raid6 personality registered for level 6
[   15.425729] md: raid5 personality registered for level 5
[   15.446230] md: raid4 personality registered for level 4
[   15.471327] md: raid10 personality registered for level 10
done.
Begin: Running /scripts/init-premount ... done.
Begin: Mo[   15.527646] Btrfs loaded
unting root file system ... Begin: Running /scripts/local-top ... done.
Begin: Running /scripts/local-premount ... Scanning for Btrfs filesystems
done.
Warning: fsck no[   15.566243] EXT4-fs (sda1): mounted filesystem with ordered data mode. Opts: (null)
t present, so skipping root file system
done.
Begin: Running /scripts/local-bottom ... done.
Begin: Running /scripts/init-bottom ... done.
[   15.694659] systemd[1]: systemd 229 running in system mode. (+PAM +AUDIT +SELINUX +IMA +APPARMOR +SMACK +SYSVINIT +UTMP +LIBCRYPTSETUP +GCRYPT +GNUTLS +ACL +XZ -LZ4 +SECCOMP +BLKID +ELFUTILS +KMOD -IDN)
[   15.712019] systemd[1]: Detected virtualization oracle.
[   15.735053] systemd[1]: Detected architecture x86-64.

Welcome to [1mUbuntu 16.04.3 LTS[0m!

[   15.774670] systemd[1]: Set hostname to <ubuntu>.
[   15.786864] systemd[1]: Initializing machine ID from random generator.
[   15.799008] systemd[1]: Installed transient /etc/machine-id file.
[   15.942781] systemd[1]: Listening on /dev/initctl Compatibility Named Pipe.
[[0;32m  OK  [0m] Listening on /dev/initctl Compatibility Named Pipe.
[   16.050325] systemd[1]: Listening on Device-mapper event daemon FIFOs.
[[0;32m  OK  [0m] Listening on Device-mapper event daemon FIFOs.
[   16.170146] systemd[1]: Created slice System Slice.
[[0;32m  OK  [0m] Created slice System Slice.
[   16.238493] systemd[1]: Created slice system-serial\x2dgetty.slice.
[[0;32m  OK  [0m] Created slice system-serial\x2dgetty.slice.
[   16.264554] systemd[1]: Listening on LVM2 poll daemon socket.
[[0;32m  OK  [0m] Listening on LVM2 poll daemon socket.
[   16.350336] systemd[1]: Started Forward Password Requests to Wall Directory Watch.
[[0;32m  OK  [0m] Started Forward Password Requests to Wall Directory Watch.
[   16.414127] systemd[1]: Listening on LVM2 metadata daemon socket.
[[0;32m  OK  [0m] Listening on LVM2 metadata daemon socket.
[   16.522263] systemd[1]: Started Trigger resolvconf update for networkd DNS.
[[0;32m  OK  [0m] Started Trigger resolvconf update for networkd DNS.
[   16.614233] systemd[1]: Set up automount Arbitrary Executable File Formats File System Automount Point.
[[0;32m  OK  [0m] Set up automount Arbitrary Executab...ats File System Automount Point.
[   16.698391] systemd[1]: Created slice User and Session Slice.
[[0;32m  OK  [0m] Created slice User and Session Slice.
[   16.777970] systemd[1]: Reached target Slices.
[[0;32m  OK  [0m] Reached target Slices.
[   16.817507] systemd[1]: Listening on Journal Socket (/dev/log).
[[0;32m  OK  [0m] Listening on Journal Socket (/dev/log).
[   16.914634] systemd[1]: Reached target Encrypted Volumes.
[[0;32m  OK  [0m] Reached target Encrypted Volumes.
[   16.978239] systemd[1]: Listening on udev Kernel Socket.
[[0;32m  OK  [0m] Listening on udev Kernel Socket.
[   17.074113] systemd[1]: Reached target Swap.
[[0;32m  OK  [0m] Reached target Swap.
[   17.154069] systemd[1]: Listening on Syslog Socket.
[[0;32m  OK  [0m] Listening on Syslog Socket.
[   17.206167] systemd[1]: Listening on Journal Socket.
[[0;32m  OK  [0m] Listening on Journal Socket.
[   17.293832] systemd[1]: Starting Monitoring of LVM2 mirrors, snapshots etc. using dmeventd or progress polling...
         Starting Monitoring of LVM2 mirrors... dmeventd or progress polling...
[   17.370310] systemd[1]: Starting Create list of required static device nodes for the current kernel...
         Starting Create list of required st... nodes for the current kernel...
[   17.391314] systemd[1]: Mounting POSIX Message Queue File System...
         Mounting POSIX Message Queue File System...
[   17.450154] systemd[1]: Starting Uncomplicated firewall...
         Starting Uncomplicated firewall...
[   17.466551] systemd[1]: Mounting Huge Pages File System...
         Mounting Huge Pages File System...
[   17.517934] systemd[1]: Starting Nameserver information manager...
         Starting Nameserver information manager...
[   17.586339] systemd[1]: Starting Remount Root and Kernel File Systems...
         Starting Remount Root and Kernel File Systems...[   17.599379] EXT4-fs (sda1): re-mounted. Opts: (null)

[   17.611136] systemd[1]: Starting Set console keymap...
         Starting Set console keymap...
[   17.678044] systemd[1]: Listening on udev Control Socket.
[[0;32m  OK  [0m] Listening on udev Control Socket.
[   17.778031] systemd[1]: Mounting Debug File System...
         Mounting Debug File System...
[   17.822240] systemd[1]: Listening on Journal Audit Socket.
[[0;32m  OK  [0m] Listening on Journal Audit Socket.
[   17.877988] systemd[1]: Starting Journal Service...
         Starting Journal Service...
[   17.925870] systemd[1]: Starting Load Kernel Modules...
[   17.930738] random: nonblocking pool is initialized
         Starting Load Ke[   17.981473] Loading iSCSI transport class v2.0-870.
rnel Modules...
[   18.018613] systemd[1]: Reached target User and Group Name Lookups.
[[0;32m  OK  [0m] Reached targe[   18.030939] iscsi: registered transport (tcp)
t User and Group Name Lookups.
[   18.084026] iscsi: registered transport (iser)
[   18.092565] systemd[1]: Mounted Huge Pages File System.
[[0;32m  OK  [0m] Mounted Huge Pages File System.
[   18.286006] systemd[1]: Mounted POSIX Message Queue File System.
[[0;32m  OK  [0m] Mounted POSIX Message Queue File System.
[   18.323246] systemd[1]: Mounted Debug File System.
[[0;32m  OK  [0m] Mounted Debug File System.
[   18.402103] systemd[1]: Started Journal Service.
[[0;32m  OK  [0m] Started Journal Service.
[[0;32m  OK  [0m] Started Create list of required sta...ce nodes for the current kernel.
[[0;32m  OK  [0m] Started Uncomplicated firewall.
[[0;32m  OK  [0m] Started Remount Root and Kernel File Systems.
[[0;32m  OK  [0m] Started Set console keymap.
[[0;32m  OK  [0m] Started Load Kernel Modules.
[[0;32m  OK  [0m] Started Nameserver information manager.
[[0;32m  OK  [0m] Started LVM2 metadata daemon.
         Starting Apply Kernel Variables...
         Mounting FUSE Control File System...
         Starting Load/Save Random Seed...
         Starting udev Coldplug all Devices...
         Starting Initial cloud-init job (pre-networking)...
         Starting Create Static Device Nodes in /dev...
         Starting Flush Journal to Persistent Storage...
[[0;32m  OK  [0m] Mounted FUSE Control File System.
[[0;32m  OK  [0m] Started Apply Kernel Variables.
[[0;32m  OK  [0m] Started Load/Save Random Seed.
[[0;32m  OK  [0m] Started Create Static Device Nodes in /dev.
[[0;32m  OK  [0m] Started udev Coldplug all Devices.
[[0;32m  OK  [0m] Started Monitoring of LVM2 mirrors,...ng dmeventd or progress polling.
[[0;32m  OK  [0m] Started Flush Journal to Persistent Storage.
         Starting udev Kernel Device Manager...
[[0;32m  OK  [0m] Started udev Kernel Device Manager.
[[0;32m  OK  [0m] Started Dispatch Password Requests to Console Directory Watch.
[[0;32m  OK  [0m] Reached target Local File Systems (Pre).
[[0;32m  OK  [0m] Reached target Local File Systems.
         Starting Tell Plymouth To Write Out Runtime Data...
         Starting Commit a transient machine-id on disk...
         Starting Set console font and keymap...
         Starting Create Volatile Files and Directories...
         Starting LSB: AppArmor initialization...
[[0;32m  OK  [0m] Started Tell Plymouth To Write Out Runtime Data.
[[0;32m  OK  [0m] Started Commit a transient machine-id on disk.
[[0;32m  OK  [0m] Started Create Volatile Files and Directories.
[[0;32m  OK  [0m] Reached target System Time Synchronized.
         Starting Update UTMP about System Boot/Shutdown...
[[0;32m  OK  [0m] Started Update UTMP about System Boot/Shutdown.
[[0;32m  OK  [0m] Found device /dev/ttyS0.
[[0;32m  OK  [0m] Listening on Load/Save RF Kill Switch Status /dev/rfkill Watch.
[   17.048931] cloud-init[434]: Cloud-init v. 0.7.9 running 'init-local' at Thu, 05 Oct 2017 18:25:26 +0000. Up 16.46 seconds.
[[0;32m  OK  [0m] Started Initial cloud-init job (pre-networking).
[[0;32m  OK  [0m] Started LSB: AppArmor initialization.
[[0;32m  OK  [0m] Reached target Network (Pre).
         Starting Raise network interfaces...
[[0;32m  OK  [0m] Started Set console font and keymap.
[[0;32m  OK  [0m] Created slice system-getty.slice.
[[0;32m  OK  [0m] Started Raise network interfaces.
         Starting Initial cloud-init job (metadata service crawler)...
[[0;32m  OK  [0m] Reached target Network.
[   20.111352] cloud-init[911]: Cloud-init v. 0.7.9 running 'init' at Thu, 05 Oct 2017 18:25:29 +0000. Up 19.34 seconds.
[   20.212805] cloud-init[911]: ci-info: +++++++++++++++++++++++++++++++++++++Net device info+++++++++++++++++++++++++++++++++++++
[   20.213092] [cloud-init[0;32m  OK  [0m[911]: ] ci-info: +--------+------+---------------------------+---------------+-------+-------------------+Started Initial cloud-init job (metadata service crawler).

[   20.213440] cloud-init[911]: ci-info: | Device |  Up  |          Address          |      Mask     | Scope |     Hw-Address    |
[   20.329072] cloud-init[911]: ci-info: +--------+------+---------------------------+---------------+-------+-------------------+
[   20.329547] cloud-init[911]: ci-info: | enp0s3 | True |         10.0.2.15         | 255.255.255.0 |   .   | 02:d1:58:fa:01:98 |
[   20.329899] cloud-init[911]: ci-info: | enp0s3 | True | fe80::d1:58ff:fefa:198/64 |       .       |  link | 02:d1:58:fa:01:98 |
[[0;32m  OK  [0m] Reached target Cloud-config availability.
[[   20.329951] cloud-init[911]: ci-info: |   lo   | True |         127.0.0.1         |   255.0.0.0   |   .   |         .         |
[   20.561222] cloud-init[911]: ci-info: |   lo   | True |          ::1/128          |       .       |  host |         .         |
[0;32m  OK  [0m] Reached target Network is Online.
[   20.561296] cloud-init[911]: ci-info: +--------+------+---------------------------+---------------+-------+-------------------+
[   20.700527] cloud-init[911]: ci-info: +++++++++++++++++++++++++++Route IPv4 info++++++++++++++++++++++++++++
[   20.700874] cloud-init[911]: ci-info: +-------+-------------+----------+---------------+-----------+-------+
         Starting iSCSI initiator daemon (iscsid)...
[[   20.701062] cloud-init[911]: ci-info: | Route | Destination | Gateway  |    Genmask    | Interface | Flags |
[   20.771384] cloud-init[911]: ci-info: +-------+-------------+----------+---------------+-----------+-------+
[0;32m  OK  [0m] Reached target System Initialization.
[   20.771684] cloud-init[911]: ci-info: |   0   |   0.0.0.0   | 10.0.2.2 |    0.0.0.0    |   enp0s3  |   UG  |
[   20.805952] cloud-init[911]: ci-info: |   1   |   10.0.2.0  | 0.0.0.0  | 255.255.255.0 |   enp0s3  |   U   |
[[0;32m  OK  [0m] Started Timer to automatically refresh installed snaps.
[[   20.806899] cloud-init[911]: ci-info: +-------+-------------+----------+---------------+-----------+-------+
[0;32m  OK  [0m] Listening on D-Bus System Message Bus Socket.
[   20.850031] cloud-init[911]: Generating public/private rsa key pair.
[   20.972643] cloud-init[911]: Your identification has been saved in /etc/ssh/ssh_host_rsa_key.
[   20.973062] cloud-init[911]: Your public key has been saved in /etc/ssh/ssh_host_rsa_key.pub.
         Starting LXD - unix socket.
[   20.973246] cloud-init[911]: The key fingerprint is:
[   21.068922] cloud-init[911]: SHA256:KyoNSrdUUxVsZ5Zd6g+C5u8o+D+vnTIEx5kdnKMsA/g root@ubuntu-xenial
[[0;32m  OK  [0m] Listening on UUID daemon activation socket.
[   21.069491] cloud-init[911]: The key's randomart image is:
[   21.131848] cloud-init[911]: +---[RSA 2048]----+
[[0;32m  OK  [0m] Listening on ACPID Listen Socket.
[[   21.132180] cloud-init[911]: |    .   ooo + .. |
[   21.254192] cloud-init[911]: |   . . . o X ..  |
[0;32m  OK  [0m] Started Daily apt download activities.
[[   21.254432] cloud-init[911]: |    . o + O o.   |
[0;32m  OK  [0m[   21.349660] ] cloud-initStarted Daily apt upgrade and clean activities.[911]: 
|     E + B...    |
[   21.396586] cloud-init[911]: |    . . So . o   |
[   21.396982] cloud-init[911]: | ..o    oo  . o  |
[[0;32m  OK  [0m] Started ACPI Events Check.
[   21.397179] cloud-init[911]: |..oo. o o.     . |
[   21.473608] cloud-init[911]: |. ...o o ++ .    |
[[0;32m  OK  [0m] Reached target Paths.
[[0;32m  OK  [0m[   21.473919] ] cloud-initStarted Timer to automatically fetch and run repair assertions.[911]: 
|   .. ..o+B*     |
[   21.624411] cloud-init[911]: +----[SHA256]-----+
[   21.624843] cloud-init[911]: Generating public/private dsa key pair.
[[0;32m  OK  [0m] Started Daily Cleanup of Temporary Directories.
[[   21.625016] cloud-init[911]: Your identification has been saved in /etc/ssh/ssh_host_dsa_key.
[   21.717191] cloud-init[911]: Your public key has been saved in /etc/ssh/ssh_host_dsa_key.pub.
[0;32m  OK  [0m] Reached target Timers.
         [   21.717422] Starting Socket activation for snappy daemon.cloud-init
[911]: The key fingerprint is:
[   21.897160] cloud-init[911]: SHA256:7U5722EJBXCmnWyhRDeeJEAcJeZFgvPJ1pBj1Dr9DUE root@ubuntu-xenial
[   21.897581] cloud-init[911]: The key's randomart image is:
[[0;32m  OK  [0m] Listening on LXD - unix socket.
[[0;32m  OK  [0m] Listening on Socket activation for snappy daemon.
[[   21.897874] cloud-init[911]: +---[DSA 1024]----+
[   21.992007] cloud-init[911]: |       =OOOoE    |
[0;32m  OK  [0m] Started iSCSI initiator daemon (iscsid).
[   21.992235] cloud-init[911]: |      oo*=.%.*   |
[   22.104892] cloud-init[911]: |       =.Bo B..  |
[   22.134626]          cloud-initStarting Login to default iSCSI targets...[911]: 
|        B.o...   |
[   22.204806] [cloud-init[0;32m  OK  [0m[911]: ] |       .S....o   |Reached target Sockets.

[[0;32m  OK  [0m] Reached target Basic System.
[   22.205436] cloud-init[911]: |         .  .... |
[   22.312522] [cloud-init[0;32m  OK  [0m[911]: ] |          o   +  |Started Deferred execution scheduler.

[   22.313159] cloud-init[911]: |         o ..o . |
[   22.392953] [cloud-init[0;32m  OK  [0m[911]: ] |          o....  |Started Regular background program processing daemon.

[   22.393579] cloud-init[911]: +----[SHA256]-----+
[   22.512600] [cloud-init[0;32m  OK  [0m[911]: ] Generating public/private ecdsa key pair.Started ACPI event daemon.

[   22.513355] cloud-init[911]: Your identification has been saved in /etc/ssh/ssh_host_ecdsa_key.
[   22.636086]          Starting Apply the settings specified in cloud-config...
cloud-init[911]: Your public key has been saved in /etc/ssh/ssh_host_ecdsa_key.pub.
[   22.736612]          cloud-initStarting LSB: MD monitoring daemon...[911]: 
The key fingerprint is:
[   22.764974] cloud-init[911]: SHA256:8grHriUsCujzsXR2tf5G2b1jjfYYXrrE98R/tVDmlk0 root@ubuntu-xenial
         Starting /etc/rc.local Compatibility...
[   22.827260] cloud-init[911]: The key's randomart image is:
[   22.867433] cloud-init[911]: +---[ECDSA 256]---+
[[0;32m  OK  [0m] Started D-Bus System Message Bus.
[   22.936284] cloud-init[911]: |                 |
[   23.028388]          cloud-initStarting LSB: Record successful boot for GRUB...[911]: 
|                 |
[   23.040571] cloud-init[911]: |                 |
[   23.046078] cloud-init[911]: |               oE|
         Starting Pollinate to seed the pseudo random number generator...
[[0;32m  OK  [0m] Started Unattended Upgrades Shutdown.
[   23.112144] cloud-init[911]: |      . S.  o =.o|
         Starting Snappy daemon...
[   23.261587] cloud-init[911]: |.  . . o. .o + *o|
         Starting LXD - container startup/shutdown...
[   23.323775] cloud-init[911]: |o .o+o+....   *.X|
[   23.345773] cloud-init[911]: |oo..=*...  . oo%=|
[[0;32m  OK  [0m] Started FUSE filesystem for LXC.
[   23.365394] cloud-init[911]: |..oo..o  .o. .*o*|
[   23.435093]          cloud-initStarting Login Service...[911]: 
+----[SHA256]-----+
         Starting Accounts Service...
[   23.477321] cloud-init[911]: Generating public/private ed25519 key pair.
[   23.497208] cloud-init[911]: Your identification has been saved in /etc/ssh/ssh_host_ed25519_key.
         Starting System Logging Service...
[[0;32m  OK  [0m] Started /etc/rc.local Compatibility.
[[0;32m  OK  [0m] Started LXD - container startup/shutdown.
[[0;32m  OK  [0m] Started Snappy daemon.
[[0;32m  OK  [0m] Started System Logging Service.
[   23.563657] cloud-init[911]: Your public key has been saved in /etc/ssh/ssh_host_ed25519_key.pub.
[   23.727718] cloud-init[911]: The key fingerprint is:
[   23.796693] cloud-init[911]: SHA256:nV+/MCgOhGU2YN6QUG0fJLFpOgedyBBTHRZeoQ0eKh8 root@ubuntu-xenial
[[0;32m  OK  [0m] Started Pollinate to seed the pseudo random number generator.
[   23.818273] cloud-init[911]: The key's randomart image is:
[[0;32m  OK  [0m] Started Login to default iSCSI targets.
[   23.875792] cloud-init[911]: +--[ED25519 256]--+
[   23.950696] cloud-init[911]: |   ==*+O=+.      |
[   23.980889] cloud-init[911]: |    *.@+@.       |
[   24.016536] cloud-init[911]: |   . E./...      |
[   24.016721] cloud-init[911]: |    o X .o .     |
[   24.017231] cloud-init[911]: |     = oS o   .  |
[   24.017387] cloud-init[911]: |      +    ... . |
[[0;32m  OK  [0m] Started LSB: MD monitoring daemon.
[[0;32m  OK  [0m] Started LSB: Record successful boot for GRUB.
[   24.017604] cloud-init[911]: |       . . ..o  .|
[   24.209710] cloud-init[911]: |        o .   o .|
[[0;32m  OK  [0m] Started Login Service.
[   24.234722] cloud-init[911]: |         .     . |
         Starting Authenticate and Authorize Users to Run Privileged Tasks...
[[0;32m  OK  [0m] Reached target Remote File Systems (Pre).
[[0;32m  OK  [0m] Reached target Remote File Systems.
[   24.275821] cloud-init[911]: +----[SHA256]-----+
         Starting LSB: Set the CPU Frequency Scaling governor to "ondemand"...
[   24.445229] cloud-init[1019]: Generating locales (this might take a while)...
         Starting LSB: daemon to balance interrupts for SMP systems...
         Starting LSB: automatic crash report generation...
         Starting LSB: VirtualBox Linux Additions...
         Starting Permit User Sessions...
         Starting OpenBSD Secure Shell server...
         Starting Auto import assertions from block devices...
[[0;32m  OK  [0m] Started Permit User Sessions.
[[0;32m  OK  [0m] Started Authenticate and Authorize Users to Run Privileged Tasks.
[[0;32m  OK  [0m] Started OpenBSD Secure Shell server.
[[0;32m  OK  [0m] Started Auto import assertions from block devices.
[[0;32m  OK  [0m] Started Accounts Service.
[[0;32m  OK  [0m] Started LSB: Set the CPU Frequency Scaling governor to "ondemand".
[[0;32m  OK  [0m] Started LSB: daemon to balance interrupts for SMP systems.
         Starting Terminate Plymouth Boot Screen...
         Starting Hold until boot process finishes up...
[[0;32m  OK  [0m] Started LSB: automatic crash report generation.
[[0;32m  OK  [0m] Started Terminate Plymouth Boot Screen.
[[0;32m  OK  [0m] Started LSB: VirtualBox Linux Additions.
[[0;32m  OK  [0m] Started Hold until boot process finishes up.
         Starting Set console scheme...
[[0;32m  OK  [0m] Started Getty on tty1.
[[0;32m  OK  [0m] Started Serial Getty on ttyS0.
[[0;32m  OK  [0m] Reached target Login Prompts.
[[0;32m  OK  [0m] Reached target Multi-User System.
[[0;32m  OK  [0m] Reached target Graphical Interface.
         Starting Update UTMP about System Runlevel Changes...
[[0;32m  OK  [0m] Started Set console scheme.
[[0;32m  OK  [0m] Started Update UTMP about System Runlevel Changes.
[   25.306717] cloud-init[1019]:   en_US.UTF-8... done
[   25.309637] cloud-init[1019]: Generation complete.
         Stopping OpenBSD Secure Shell server...
[[0;32m  OK  [0m] Stopped OpenBSD Secure Shell server.
         Starting OpenBSD Secure Shell server...
[[0;32m  OK  [0m] Started OpenBSD Secure Shell server.
[[0;32m  OK  [0m] Created slice User Slice of ubuntu.
         Starting User Manager for UID 1000...
[[0;32m  OK  [0m] Started User Manager for UID 1000.
[[0;32m  OK  [0m] Started Session 1 of user ubuntu.
[   26.236507] cloud-init[1019]: Cloud-init v. 0.7.9 running 'modules:config' at Thu, 05 Oct 2017 18:25:32 +0000. Up 22.94 seconds.
[[0;32m  OK  [0m] Started Apply the settings specified in cloud-config.
         Starting Execute cloud user/final scripts...
ci-info: no authorized ssh keys fingerprints found for user ubuntu.
<14>Oct  5 18:25:37 ec2: 
<14>Oct  5 18:25:37 ec2: #############################################################
<14>Oct  5 18:25:37 ec2: -----BEGIN SSH HOST KEY FINGERPRINTS-----
<14>Oct  5 18:25:37 ec2: 1024 SHA256:7U5722EJBXCmnWyhRDeeJEAcJeZFgvPJ1pBj1Dr9DUE root@ubuntu-xenial (DSA)
<14>Oct  5 18:25:37 ec2: 256 SHA256:8grHriUsCujzsXR2tf5G2b1jjfYYXrrE98R/tVDmlk0 root@ubuntu-xenial (ECDSA)
<14>Oct  5 18:25:37 ec2: 256 SHA256:nV+/MCgOhGU2YN6QUG0fJLFpOgedyBBTHRZeoQ0eKh8 root@ubuntu-xenial (ED25519)
<14>Oct  5 18:25:37 ec2: 2048 SHA256:KyoNSrdUUxVsZ5Zd6g+C5u8o+D+vnTIEx5kdnKMsA/g root@ubuntu-xenial (RSA)
<14>Oct  5 18:25:37 ec2: -----END SSH HOST KEY FINGERPRINTS-----
<14>Oct  5 18:25:37 ec2: #############################################################
-----BEGIN SSH HOST KEY KEYS-----
ecdsa-sha2-nistp256 AAAAE2VjZHNhLXNoYTItbmlzdHAyNTYAAAAIbmlzdHAyNTYAAABBBHAj6Su+rveaJNg5YPonGKVNiwZBGzr8Cu3T8VU6sJsOzmpqEHOoys7gYyVxWpdxX4jQ8q3UBtrolBnzz4MCpMg= root@ubuntu-xenial
ssh-ed25519 AAAAC3NzaC1lZDI1NTE5AAAAIHqqWNko6oEzfXPRwM4JcVLMBW/aRR3CPmshNWeHZtBx root@ubuntu-xenial
ssh-rsa AAAAB3NzaC1yc2EAAAADAQABAAABAQDM9Gn+GGxC9pMprFJd0+N/TOQS2ap3kyBAyssWu8IXaDib87u0epch/HwlYvItGdmWsuyq2qzqVxGuhucRQr7IPe9r5hCX6wTpleLgZI8DVE+ymjvyv/am1/XgRqQYmR9vXztW37UZLA7jBMquVGTCujvGlOj1Xa/gpr9h0WMzfFIPYPLHtiHzqRmg8RY2CuHr5dmJC9QUggz5GFhIul7e30U6JFte1J10bNTNSxBCBS0A+5PMok8JvIsEqSESBzYFaiA89vhYPk0MYbqOurDtPqk3g8XYqLv5E2MXNpROSPjbYLXd6yjbAC7rCrllfhl8vEPiJzfsAtzSG2SJdlfD root@ubuntu-xenial
-----END SSH HOST KEY KEYS-----
[   27.968294] cloud-init[1355]: Cloud-init v. 0.7.9 running 'modules:final' at Thu, 05 Oct 2017 18:25:37 +0000. Up 27.28 seconds.
[   28.001376] cloud-init[1355]: ci-info: no authorized ssh keys fingerprints found for user ubuntu.
[   28.053339] cloud-init[1355]: Cloud-init v. 0.7.9 finished at Thu, 05 Oct 2017 18:25:37 +0000. Datasource DataSourceNoCloud [seed=/dev/sdb][dsmode=net].  Up 27.95 seconds
[[0;32m  OK  [0m] Started Execute cloud user/final scripts.
[[0;32m  OK  [0m] Reached target Cloud-init target.

Ubuntu 16.04.3 LTS instance ttyS0

instance login: 